<?xml version="1.0" encoding="UTF-8"?>
<coverage generated="1550445979816" clover="3.2.0">
  <project timestamp="1550445979816" name="All files">
    <metrics statements="60" coveredstatements="19" conditionals="29" coveredconditionals="8" methods="23" coveredmethods="11" elements="112" coveredelements="38" complexity="0" loc="60" ncloc="60" packages="1" files="4" classes="4"/>
    <file name="app.jsx" path="/Users/Raaandy/Desktop/hackReactor/git/amenities-module/client/app.jsx">
      <metrics statements="18" coveredstatements="5" conditionals="4" coveredconditionals="0" methods="8" coveredmethods="4"/>
      <line num="7" count="2" type="stmt"/>
      <line num="8" count="2" type="stmt"/>
      <line num="20" count="2" type="stmt"/>
      <line num="21" count="0" type="stmt"/>
      <line num="22" count="0" type="stmt"/>
      <line num="24" count="0" type="stmt"/>
      <line num="25" count="0" type="stmt"/>
      <line num="27" count="0" type="stmt"/>
      <line num="30" count="0" type="stmt"/>
      <line num="31" count="0" type="stmt"/>
      <line num="37" count="0" type="stmt"/>
      <line num="38" count="0" type="stmt"/>
      <line num="51" count="0" type="stmt"/>
      <line num="53" count="0" type="cond" truecount="0" falsecount="4"/>
      <line num="54" count="0" type="stmt"/>
      <line num="61" count="0" type="stmt"/>
      <line num="67" count="3" type="stmt"/>
      <line num="78" count="3" type="stmt"/>
    </file>
    <file name="fullAmenity.jsx" path="/Users/Raaandy/Desktop/hackReactor/git/amenities-module/client/fullAmenity.jsx">
      <metrics statements="13" coveredstatements="1" conditionals="6" coveredconditionals="0" methods="2" coveredmethods="0"/>
      <line num="1" count="1" type="stmt"/>
      <line num="2" count="0" type="stmt"/>
      <line num="3" count="0" type="stmt"/>
      <line num="10" count="0" type="stmt"/>
      <line num="15" count="0" type="stmt"/>
      <line num="20" count="0" type="cond" truecount="0" falsecount="2"/>
      <line num="21" count="0" type="stmt"/>
      <line num="22" count="0" type="cond" truecount="0" falsecount="4"/>
      <line num="23" count="0" type="stmt"/>
      <line num="24" count="0" type="stmt"/>
      <line num="26" count="0" type="stmt"/>
      <line num="27" count="0" type="stmt"/>
      <line num="36" count="0" type="stmt"/>
    </file>
    <file name="modal.jsx" path="/Users/Raaandy/Desktop/hackReactor/git/amenities-module/client/modal.jsx">
      <metrics statements="14" coveredstatements="9" conditionals="13" coveredconditionals="7" methods="9" coveredmethods="6"/>
      <line num="4" count="1" type="stmt"/>
      <line num="6" count="3" type="cond" truecount="1" falsecount="1"/>
      <line num="7" count="3" type="cond" truecount="1" falsecount="1"/>
      <line num="8" count="3" type="cond" truecount="1" falsecount="1"/>
      <line num="9" count="3" type="cond" truecount="1" falsecount="2"/>
      <line num="10" count="3" type="cond" truecount="3" falsecount="1"/>
      <line num="11" count="0" type="stmt"/>
      <line num="12" count="0" type="stmt"/>
      <line num="13" count="0" type="stmt"/>
      <line num="16" count="1" type="stmt"/>
      <line num="31" count="1" type="stmt"/>
      <line num="43" count="1" type="stmt"/>
      <line num="44" count="0" type="stmt"/>
      <line num="46" count="0" type="stmt"/>
    </file>
    <file name="shortAmenity.jsx" path="/Users/Raaandy/Desktop/hackReactor/git/amenities-module/client/shortAmenity.jsx">
      <metrics statements="15" coveredstatements="4" conditionals="6" coveredconditionals="1" methods="4" coveredmethods="1"/>
      <line num="3" count="1" type="stmt"/>
      <line num="4" count="1" type="stmt"/>
      <line num="5" count="1" type="cond" truecount="1" falsecount="1"/>
      <line num="6" count="0" type="stmt"/>
      <line num="7" count="0" type="cond" truecount="0" falsecount="2"/>
      <line num="8" count="0" type="stmt"/>
      <line num="9" count="0" type="stmt"/>
      <line num="10" count="0" type="stmt"/>
      <line num="12" count="0" type="stmt"/>
      <line num="13" count="0" type="stmt"/>
      <line num="14" count="0" type="stmt"/>
      <line num="15" count="0" type="cond" truecount="0" falsecount="2"/>
      <line num="16" count="0" type="stmt"/>
      <line num="17" count="0" type="stmt"/>
      <line num="21" count="1" type="stmt"/>
    </file>
  </project>
</coverage>
