{"/Users/Raaandy/Desktop/hackReactor/git/amenities-module/client/app.jsx": {"path":"/Users/Raaandy/Desktop/hackReactor/git/amenities-module/client/app.jsx","statementMap":{"0":{"start":{"line":7,"column":8},"end":{"line":7,"column":20}},"1":{"start":{"line":8,"column":8},"end":{"line":16,"column":9}},"2":{"start":{"line":20,"column":8},"end":{"line":33,"column":10}},"3":{"start":{"line":21,"column":35},"end":{"line":21,"column":57}},"4":{"start":{"line":22,"column":33},"end":{"line":22,"column":35}},"5":{"start":{"line":24,"column":12},"end":{"line":26,"column":13}},"6":{"start":{"line":25,"column":16},"end":{"line":25,"column":59}},"7":{"start":{"line":27,"column":12},"end":{"line":29,"column":14}},"8":{"start":{"line":30,"column":12},"end":{"line":30,"column":52}},"9":{"start":{"line":31,"column":12},"end":{"line":31,"column":32}},"10":{"start":{"line":37,"column":28},"end":{"line":37,"column":49}},"11":{"start":{"line":38,"column":8},"end":{"line":47,"column":11}},"12":{"start":{"line":51,"column":29},"end":{"line":51,"column":53}},"13":{"start":{"line":53,"column":8},"end":{"line":63,"column":9}},"14":{"start":{"line":54,"column":12},"end":{"line":62,"column":14}},"15":{"start":{"line":61,"column":18},"end":{"line":61,"column":55}},"16":{"start":{"line":67,"column":8},"end":{"line":83,"column":9}},"17":{"start":{"line":78,"column":150},"end":{"line":78,"column":168}}},"fnMap":{"0":{"name":"(anonymous_0)","decl":{"start":{"line":6,"column":4},"end":{"line":6,"column":5}},"loc":{"start":{"line":6,"column":23},"end":{"line":17,"column":5}},"line":6},"1":{"name":"(anonymous_1)","decl":{"start":{"line":19,"column":4},"end":{"line":19,"column":5}},"loc":{"start":{"line":19,"column":23},"end":{"line":34,"column":5}},"line":19},"2":{"name":"(anonymous_2)","decl":{"start":{"line":20,"column":53},"end":{"line":20,"column":54}},"loc":{"start":{"line":20,"column":69},"end":{"line":33,"column":9}},"line":20},"3":{"name":"(anonymous_3)","decl":{"start":{"line":36,"column":4},"end":{"line":36,"column":5}},"loc":{"start":{"line":36,"column":15},"end":{"line":48,"column":5}},"line":36},"4":{"name":"(anonymous_4)","decl":{"start":{"line":50,"column":4},"end":{"line":50,"column":5}},"loc":{"start":{"line":50,"column":20},"end":{"line":64,"column":5}},"line":50},"5":{"name":"(anonymous_5)","decl":{"start":{"line":61,"column":12},"end":{"line":61,"column":13}},"loc":{"start":{"line":61,"column":18},"end":{"line":61,"column":55}},"line":61},"6":{"name":"(anonymous_6)","decl":{"start":{"line":66,"column":4},"end":{"line":66,"column":5}},"loc":{"start":{"line":66,"column":13},"end":{"line":84,"column":5}},"line":66},"7":{"name":"(anonymous_7)","decl":{"start":{"line":78,"column":143},"end":{"line":78,"column":144}},"loc":{"start":{"line":78,"column":150},"end":{"line":78,"column":168}},"line":78}},"branchMap":{"0":{"loc":{"start":{"line":53,"column":8},"end":{"line":63,"column":9}},"type":"if","locations":[{"start":{"line":53,"column":8},"end":{"line":63,"column":9}},{"start":{"line":53,"column":8},"end":{"line":63,"column":9}}],"line":53},"1":{"loc":{"start":{"line":53,"column":12},"end":{"line":53,"column":101}},"type":"binary-expr","locations":[{"start":{"line":53,"column":12},"end":{"line":53,"column":52}},{"start":{"line":53,"column":56},"end":{"line":53,"column":101}}],"line":53}},"s":{"0":2,"1":2,"2":2,"3":0,"4":0,"5":0,"6":0,"7":0,"8":0,"9":0,"10":0,"11":0,"12":0,"13":0,"14":0,"15":0,"16":3,"17":3},"f":{"0":2,"1":2,"2":0,"3":0,"4":0,"5":0,"6":3,"7":3},"b":{"0":[0,0],"1":[0,0]},"_coverageSchema":"43e27e138ebf9cfc5966b082cf9a028302ed4184","hash":"dae334478055e9cae95461ee516337c78a4de3f2"}
,"/Users/Raaandy/Desktop/hackReactor/git/amenities-module/client/fullAmenity.jsx": {"path":"/Users/Raaandy/Desktop/hackReactor/git/amenities-module/client/fullAmenity.jsx","statementMap":{"0":{"start":{"line":1,"column":18},"end":{"line":37,"column":1}},"1":{"start":{"line":2,"column":24},"end":{"line":2,"column":26}},"2":{"start":{"line":3,"column":20},"end":{"line":8,"column":5}},"3":{"start":{"line":10,"column":18},"end":{"line":13,"column":5}},"4":{"start":{"line":15,"column":25},"end":{"line":18,"column":5}},"5":{"start":{"line":20,"column":4},"end":{"line":35,"column":5}},"6":{"start":{"line":21,"column":28},"end":{"line":21,"column":56}},"7":{"start":{"line":22,"column":8},"end":{"line":25,"column":9}},"8":{"start":{"line":23,"column":12},"end":{"line":23,"column":52}},"9":{"start":{"line":24,"column":12},"end":{"line":24,"column":43}},"10":{"start":{"line":26,"column":8},"end":{"line":34,"column":10}},"11":{"start":{"line":27,"column":12},"end":{"line":33,"column":14}},"12":{"start":{"line":36,"column":4},"end":{"line":36,"column":24}}},"fnMap":{"0":{"name":"(anonymous_0)","decl":{"start":{"line":1,"column":18},"end":{"line":1,"column":19}},"loc":{"start":{"line":1,"column":29},"end":{"line":37,"column":1}},"line":1},"1":{"name":"(anonymous_1)","decl":{"start":{"line":26,"column":42},"end":{"line":26,"column":43}},"loc":{"start":{"line":26,"column":49},"end":{"line":34,"column":9}},"line":26}},"branchMap":{"0":{"loc":{"start":{"line":20,"column":4},"end":{"line":35,"column":5}},"type":"if","locations":[{"start":{"line":20,"column":4},"end":{"line":35,"column":5}},{"start":{"line":20,"column":4},"end":{"line":35,"column":5}}],"line":20},"1":{"loc":{"start":{"line":22,"column":8},"end":{"line":25,"column":9}},"type":"if","locations":[{"start":{"line":22,"column":8},"end":{"line":25,"column":9}},{"start":{"line":22,"column":8},"end":{"line":25,"column":9}}],"line":22},"2":{"loc":{"start":{"line":22,"column":12},"end":{"line":22,"column":63}},"type":"binary-expr","locations":[{"start":{"line":22,"column":12},"end":{"line":22,"column":28}},{"start":{"line":22,"column":32},"end":{"line":22,"column":63}}],"line":22}},"s":{"0":1,"1":0,"2":0,"3":0,"4":0,"5":0,"6":0,"7":0,"8":0,"9":0,"10":0,"11":0,"12":0},"f":{"0":0,"1":0},"b":{"0":[0,0],"1":[0,0],"2":[0,0]},"_coverageSchema":"43e27e138ebf9cfc5966b082cf9a028302ed4184","hash":"01c0647703005edd55145fcdcf0ed5aa2c00f6fd"}
,"/Users/Raaandy/Desktop/hackReactor/git/amenities-module/client/modal.jsx": {"path":"/Users/Raaandy/Desktop/hackReactor/git/amenities-module/client/modal.jsx","statementMap":{"0":{"start":{"line":4,"column":14},"end":{"line":59,"column":1}},"1":{"start":{"line":6,"column":17},"end":{"line":6,"column":109}},"2":{"start":{"line":6,"column":61},"end":{"line":6,"column":107}},"3":{"start":{"line":7,"column":21},"end":{"line":7,"column":118}},"4":{"start":{"line":7,"column":65},"end":{"line":7,"column":116}},"5":{"start":{"line":8,"column":14},"end":{"line":8,"column":104}},"6":{"start":{"line":8,"column":58},"end":{"line":8,"column":102}},"7":{"start":{"line":9,"column":22},"end":{"line":9,"column":127}},"8":{"start":{"line":9,"column":66},"end":{"line":9,"column":125}},"9":{"start":{"line":10,"column":4},"end":{"line":14,"column":5}},"10":{"start":{"line":10,"column":80},"end":{"line":10,"column":98}},"11":{"start":{"line":11,"column":29},"end":{"line":11,"column":93}},"12":{"start":{"line":11,"column":73},"end":{"line":11,"column":91}},"13":{"start":{"line":12,"column":8},"end":{"line":12,"column":35}},"14":{"start":{"line":13,"column":8},"end":{"line":13,"column":39}},"15":{"start":{"line":16,"column":29},"end":{"line":29,"column":5}},"16":{"start":{"line":31,"column":26},"end":{"line":41,"column":5}},"17":{"start":{"line":43,"column":4},"end":{"line":58,"column":5}},"18":{"start":{"line":44,"column":89},"end":{"line":44,"column":111}},"19":{"start":{"line":46,"column":115},"end":{"line":46,"column":137}}},"fnMap":{"0":{"name":"(anonymous_0)","decl":{"start":{"line":4,"column":14},"end":{"line":4,"column":15}},"loc":{"start":{"line":4,"column":25},"end":{"line":59,"column":1}},"line":4},"1":{"name":"(anonymous_1)","decl":{"start":{"line":6,"column":53},"end":{"line":6,"column":54}},"loc":{"start":{"line":6,"column":61},"end":{"line":6,"column":107}},"line":6},"2":{"name":"(anonymous_2)","decl":{"start":{"line":7,"column":57},"end":{"line":7,"column":58}},"loc":{"start":{"line":7,"column":65},"end":{"line":7,"column":116}},"line":7},"3":{"name":"(anonymous_3)","decl":{"start":{"line":8,"column":50},"end":{"line":8,"column":51}},"loc":{"start":{"line":8,"column":58},"end":{"line":8,"column":102}},"line":8},"4":{"name":"(anonymous_4)","decl":{"start":{"line":9,"column":58},"end":{"line":9,"column":59}},"loc":{"start":{"line":9,"column":66},"end":{"line":9,"column":125}},"line":9},"5":{"name":"(anonymous_5)","decl":{"start":{"line":10,"column":72},"end":{"line":10,"column":73}},"loc":{"start":{"line":10,"column":80},"end":{"line":10,"column":98}},"line":10},"6":{"name":"(anonymous_6)","decl":{"start":{"line":11,"column":65},"end":{"line":11,"column":66}},"loc":{"start":{"line":11,"column":73},"end":{"line":11,"column":91}},"line":11},"7":{"name":"(anonymous_7)","decl":{"start":{"line":44,"column":78},"end":{"line":44,"column":79}},"loc":{"start":{"line":44,"column":89},"end":{"line":44,"column":111}},"line":44},"8":{"name":"(anonymous_8)","decl":{"start":{"line":46,"column":104},"end":{"line":46,"column":105}},"loc":{"start":{"line":46,"column":115},"end":{"line":46,"column":137}},"line":46}},"branchMap":{"0":{"loc":{"start":{"line":6,"column":61},"end":{"line":6,"column":107}},"type":"binary-expr","locations":[{"start":{"line":6,"column":61},"end":{"line":6,"column":85}},{"start":{"line":6,"column":89},"end":{"line":6,"column":107}}],"line":6},"1":{"loc":{"start":{"line":7,"column":65},"end":{"line":7,"column":116}},"type":"binary-expr","locations":[{"start":{"line":7,"column":65},"end":{"line":7,"column":94}},{"start":{"line":7,"column":98},"end":{"line":7,"column":116}}],"line":7},"2":{"loc":{"start":{"line":8,"column":58},"end":{"line":8,"column":102}},"type":"binary-expr","locations":[{"start":{"line":8,"column":58},"end":{"line":8,"column":80}},{"start":{"line":8,"column":84},"end":{"line":8,"column":102}}],"line":8},"3":{"loc":{"start":{"line":9,"column":66},"end":{"line":9,"column":125}},"type":"binary-expr","locations":[{"start":{"line":9,"column":66},"end":{"line":9,"column":84}},{"start":{"line":9,"column":89},"end":{"line":9,"column":104}},{"start":{"line":9,"column":108},"end":{"line":9,"column":124}}],"line":9},"4":{"loc":{"start":{"line":10,"column":4},"end":{"line":14,"column":5}},"type":"if","locations":[{"start":{"line":10,"column":4},"end":{"line":14,"column":5}},{"start":{"line":10,"column":4},"end":{"line":14,"column":5}}],"line":10},"5":{"loc":{"start":{"line":10,"column":8},"end":{"line":10,"column":111}},"type":"binary-expr","locations":[{"start":{"line":10,"column":8},"end":{"line":10,"column":32}},{"start":{"line":10,"column":36},"end":{"line":10,"column":111}}],"line":10}},"s":{"0":1,"1":1,"2":3,"3":1,"4":3,"5":1,"6":3,"7":1,"8":3,"9":1,"10":3,"11":0,"12":0,"13":0,"14":0,"15":1,"16":1,"17":1,"18":0,"19":0},"f":{"0":1,"1":3,"2":3,"3":3,"4":3,"5":3,"6":0,"7":0,"8":0},"b":{"0":[3,0],"1":[3,0],"2":[3,0],"3":[3,0,0],"4":[0,1],"5":[1,1]},"_coverageSchema":"43e27e138ebf9cfc5966b082cf9a028302ed4184","hash":"762c760d4a0c76dbcd7f1aba38b3732d68e9157f"}
,"/Users/Raaandy/Desktop/hackReactor/git/amenities-module/client/shortAmenity.jsx": {"path":"/Users/Raaandy/Desktop/hackReactor/git/amenities-module/client/shortAmenity.jsx","statementMap":{"0":{"start":{"line":3,"column":19},"end":{"line":22,"column":1}},"1":{"start":{"line":4,"column":19},"end":{"line":4,"column":21}},"2":{"start":{"line":5,"column":4},"end":{"line":20,"column":5}},"3":{"start":{"line":6,"column":28},"end":{"line":6,"column":88}},"4":{"start":{"line":6,"column":58},"end":{"line":6,"column":76}},"5":{"start":{"line":7,"column":26},"end":{"line":7,"column":97}},"6":{"start":{"line":7,"column":57},"end":{"line":7,"column":95}},"7":{"start":{"line":8,"column":32},"end":{"line":8,"column":65}},"8":{"start":{"line":9,"column":28},"end":{"line":11,"column":10}},"9":{"start":{"line":10,"column":12},"end":{"line":10,"column":140}},"10":{"start":{"line":12,"column":8},"end":{"line":19,"column":9}},"11":{"start":{"line":12,"column":21},"end":{"line":12,"column":22}},"12":{"start":{"line":13,"column":12},"end":{"line":13,"column":106}},"13":{"start":{"line":14,"column":12},"end":{"line":14,"column":15}},"14":{"start":{"line":15,"column":12},"end":{"line":18,"column":13}},"15":{"start":{"line":16,"column":16},"end":{"line":16,"column":134}},"16":{"start":{"line":17,"column":16},"end":{"line":17,"column":167}},"17":{"start":{"line":21,"column":4},"end":{"line":21,"column":36}}},"fnMap":{"0":{"name":"(anonymous_0)","decl":{"start":{"line":3,"column":19},"end":{"line":3,"column":20}},"loc":{"start":{"line":3,"column":30},"end":{"line":22,"column":1}},"line":3},"1":{"name":"(anonymous_1)","decl":{"start":{"line":6,"column":51},"end":{"line":6,"column":52}},"loc":{"start":{"line":6,"column":58},"end":{"line":6,"column":76}},"line":6},"2":{"name":"(anonymous_2)","decl":{"start":{"line":7,"column":49},"end":{"line":7,"column":50}},"loc":{"start":{"line":7,"column":57},"end":{"line":7,"column":95}},"line":7},"3":{"name":"(anonymous_3)","decl":{"start":{"line":9,"column":50},"end":{"line":9,"column":51}},"loc":{"start":{"line":9,"column":57},"end":{"line":11,"column":9}},"line":9}},"branchMap":{"0":{"loc":{"start":{"line":5,"column":4},"end":{"line":20,"column":5}},"type":"if","locations":[{"start":{"line":5,"column":4},"end":{"line":20,"column":5}},{"start":{"line":5,"column":4},"end":{"line":20,"column":5}}],"line":5},"1":{"loc":{"start":{"line":7,"column":57},"end":{"line":7,"column":95}},"type":"binary-expr","locations":[{"start":{"line":7,"column":57},"end":{"line":7,"column":73}},{"start":{"line":7,"column":77},"end":{"line":7,"column":95}}],"line":7},"2":{"loc":{"start":{"line":15,"column":12},"end":{"line":18,"column":13}},"type":"if","locations":[{"start":{"line":15,"column":12},"end":{"line":18,"column":13}},{"start":{"line":15,"column":12},"end":{"line":18,"column":13}}],"line":15}},"s":{"0":1,"1":1,"2":1,"3":0,"4":0,"5":0,"6":0,"7":0,"8":0,"9":0,"10":0,"11":0,"12":0,"13":0,"14":0,"15":0,"16":0,"17":1},"f":{"0":1,"1":0,"2":0,"3":0},"b":{"0":[0,1],"1":[0,0],"2":[0,0]},"_coverageSchema":"43e27e138ebf9cfc5966b082cf9a028302ed4184","hash":"553c7034757c34b2b8683b715a118b0b7f7e5aee"}
}
