TN:
SF:/Users/Raaandy/Desktop/hackReactor/git/amenities-module/client/app.jsx
FN:6,(anonymous_0)
FN:19,(anonymous_1)
FN:20,(anonymous_2)
FN:36,(anonymous_3)
FN:50,(anonymous_4)
FN:61,(anonymous_5)
FN:66,(anonymous_6)
FN:78,(anonymous_7)
FNF:8
FNH:4
FNDA:2,(anonymous_0)
FNDA:2,(anonymous_1)
FNDA:0,(anonymous_2)
FNDA:0,(anonymous_3)
FNDA:0,(anonymous_4)
FNDA:0,(anonymous_5)
FNDA:3,(anonymous_6)
FNDA:3,(anonymous_7)
DA:7,2
DA:8,2
DA:20,2
DA:21,0
DA:22,0
DA:24,0
DA:25,0
DA:27,0
DA:30,0
DA:31,0
DA:37,0
DA:38,0
DA:51,0
DA:53,0
DA:54,0
DA:61,0
DA:67,3
DA:78,3
LF:18
LH:5
BRDA:53,0,0,0
BRDA:53,0,1,0
BRDA:53,1,0,0
BRDA:53,1,1,0
BRF:4
BRH:0
end_of_record
TN:
SF:/Users/Raaandy/Desktop/hackReactor/git/amenities-module/client/fullAmenity.jsx
FN:1,(anonymous_0)
FN:26,(anonymous_1)
FNF:2
FNH:0
FNDA:0,(anonymous_0)
FNDA:0,(anonymous_1)
DA:1,1
DA:2,0
DA:3,0
DA:10,0
DA:15,0
DA:20,0
DA:21,0
DA:22,0
DA:23,0
DA:24,0
DA:26,0
DA:27,0
DA:36,0
LF:13
LH:1
BRDA:20,0,0,0
BRDA:20,0,1,0
BRDA:22,1,0,0
BRDA:22,1,1,0
BRDA:22,2,0,0
BRDA:22,2,1,0
BRF:6
BRH:0
end_of_record
TN:
SF:/Users/Raaandy/Desktop/hackReactor/git/amenities-module/client/modal.jsx
FN:4,(anonymous_0)
FN:6,(anonymous_1)
FN:7,(anonymous_2)
FN:8,(anonymous_3)
FN:9,(anonymous_4)
FN:10,(anonymous_5)
FN:11,(anonymous_6)
FN:44,(anonymous_7)
FN:46,(anonymous_8)
FNF:9
FNH:6
FNDA:1,(anonymous_0)
FNDA:3,(anonymous_1)
FNDA:3,(anonymous_2)
FNDA:3,(anonymous_3)
FNDA:3,(anonymous_4)
FNDA:3,(anonymous_5)
FNDA:0,(anonymous_6)
FNDA:0,(anonymous_7)
FNDA:0,(anonymous_8)
DA:4,1
DA:6,3
DA:7,3
DA:8,3
DA:9,3
DA:10,3
DA:11,0
DA:12,0
DA:13,0
DA:16,1
DA:31,1
DA:43,1
DA:44,0
DA:46,0
LF:14
LH:9
BRDA:6,0,0,3
BRDA:6,0,1,0
BRDA:7,1,0,3
BRDA:7,1,1,0
BRDA:8,2,0,3
BRDA:8,2,1,0
BRDA:9,3,0,3
BRDA:9,3,1,0
BRDA:9,3,2,0
BRDA:10,4,0,0
BRDA:10,4,1,1
BRDA:10,5,0,1
BRDA:10,5,1,1
BRF:13
BRH:7
end_of_record
TN:
SF:/Users/Raaandy/Desktop/hackReactor/git/amenities-module/client/shortAmenity.jsx
FN:3,(anonymous_0)
FN:6,(anonymous_1)
FN:7,(anonymous_2)
FN:9,(anonymous_3)
FNF:4
FNH:1
FNDA:1,(anonymous_0)
FNDA:0,(anonymous_1)
FNDA:0,(anonymous_2)
FNDA:0,(anonymous_3)
DA:3,1
DA:4,1
DA:5,1
DA:6,0
DA:7,0
DA:8,0
DA:9,0
DA:10,0
DA:12,0
DA:13,0
DA:14,0
DA:15,0
DA:16,0
DA:17,0
DA:21,1
LF:15
LH:4
BRDA:5,0,0,0
BRDA:5,0,1,1
BRDA:7,1,0,0
BRDA:7,1,1,0
BRDA:15,2,0,0
BRDA:15,2,1,0
BRF:6
BRH:1
end_of_record
